<?xml version="1.0" encoding="utf-8"?><testsuites name="pytest tests"><testsuite name="pytest" errors="0" failures="0" skipped="0" tests="14" time="12.637" timestamp="2026-02-28T23:27:37.712191+00:00" hostname="agent-env-a6b3da91-eb20-449d-a2e3-11ad0242dadb"><testcase classname="backend.tests.test_bug_fixes.TestPublicEndpoints" name="test_public_project_endpoint" time="0.159" /><testcase classname="backend.tests.test_bug_fixes.TestPublicEndpoints" name="test_public_project_not_found" time="0.105" /><testcase classname="backend.tests.test_bug_fixes.TestPublicEndpoints" name="test_public_pins_endpoint" time="0.128" /><testcase classname="backend.tests.test_bug_fixes.TestPublicEndpoints" name="test_public_comments_endpoint" time="0.124" /><testcase classname="backend.tests.test_bug_fixes.TestGuestPinCreation" name="test_create_guest_pin_success" time="0.114" /><testcase classname="backend.tests.test_bug_fixes.TestGuestPinCreation" name="test_create_guest_pin_invalid_project" time="0.157" /><testcase classname="backend.tests.test_bug_fixes.TestGuestPinCreation" name="test_create_guest_pin_missing_fields" time="0.122" /><testcase classname="backend.tests.test_bug_fixes.TestCloudflareProxy" name="test_proxy_cloudflare_site" time="4.701" /><testcase classname="backend.tests.test_bug_fixes.TestCloudflareProxy" name="test_proxy_invalid_url" time="0.149" /><testcase classname="backend.tests.test_bug_fixes.TestCloudflareProxy" name="test_proxy_css_asset" time="0.208" /><testcase classname="backend.tests.test_bug_fixes.TestThumbnailGeneration" name="test_project_has_thumbnail" time="0.106" /><testcase classname="backend.tests.test_bug_fixes.TestThumbnailGeneration" name="test_thumbnail_file_accessible" time="0.232" /><testcase classname="backend.tests.test_bug_fixes.TestGuestComments" name="test_create_guest_comment" time="2.846" /><testcase classname="backend.tests.test_bug_fixes.TestGuestComments" name="test_get_comments_for_pin" time="3.418" /></testsuite></testsuites>