<?xml version="1.0" encoding="utf-8"?><testsuites name="pytest tests"><testsuite name="pytest" errors="0" failures="0" skipped="0" tests="14" time="7.154" timestamp="2026-03-10T00:10:41.298683+00:00" hostname="agent-env-e9bfd909-7e08-4f9f-9f93-59db2db06792"><testcase classname="backend.tests.test_bug_fixes.TestPublicEndpoints" name="test_public_project_endpoint" time="0.164" /><testcase classname="backend.tests.test_bug_fixes.TestPublicEndpoints" name="test_public_project_not_found" time="0.110" /><testcase classname="backend.tests.test_bug_fixes.TestPublicEndpoints" name="test_public_pins_endpoint" time="0.110" /><testcase classname="backend.tests.test_bug_fixes.TestPublicEndpoints" name="test_public_comments_endpoint" time="0.154" /><testcase classname="backend.tests.test_bug_fixes.TestGuestPinCreation" name="test_create_guest_pin_success" time="0.109" /><testcase classname="backend.tests.test_bug_fixes.TestGuestPinCreation" name="test_create_guest_pin_invalid_project" time="0.136" /><testcase classname="backend.tests.test_bug_fixes.TestGuestPinCreation" name="test_create_guest_pin_missing_fields" time="0.160" /><testcase classname="backend.tests.test_bug_fixes.TestCloudflareProxy" name="test_proxy_cloudflare_site" time="4.297" /><testcase classname="backend.tests.test_bug_fixes.TestCloudflareProxy" name="test_proxy_invalid_url" time="0.172" /><testcase classname="backend.tests.test_bug_fixes.TestCloudflareProxy" name="test_proxy_css_asset" time="0.286" /><testcase classname="backend.tests.test_bug_fixes.TestThumbnailGeneration" name="test_project_has_thumbnail" time="0.143" /><testcase classname="backend.tests.test_bug_fixes.TestThumbnailGeneration" name="test_thumbnail_file_accessible" time="0.239" /><testcase classname="backend.tests.test_bug_fixes.TestGuestComments" name="test_create_guest_comment" time="0.375" /><testcase classname="backend.tests.test_bug_fixes.TestGuestComments" name="test_get_comments_for_pin" time="0.601" /></testsuite></testsuites>