<?xml version="1.0" encoding="utf-8"?><testsuites name="pytest tests"><testsuite name="pytest" errors="0" failures="0" skipped="0" tests="13" time="6.767" timestamp="2026-03-10T01:10:50.921061+00:00" hostname="agent-env-e9bfd909-7e08-4f9f-9f93-59db2db06792"><testcase classname="backend.tests.test_iteration7_features.TestMentionSystem" name="test_get_project_members_returns_list" time="0.144" /><testcase classname="backend.tests.test_iteration7_features.TestMentionSystem" name="test_members_includes_guests" time="0.163" /><testcase classname="backend.tests.test_iteration7_features.TestScreenshotPolling" name="test_screenshot_status_endpoint_exists" time="0.592" /><testcase classname="backend.tests.test_iteration7_features.TestScreenshotPolling" name="test_create_pin_and_poll_screenshot" time="3.350" /><testcase classname="backend.tests.test_iteration7_features.TestPinLinkSharing" name="test_pin_exists_for_sharing" time="0.119" /><testcase classname="backend.tests.test_iteration7_features.TestDeletePin" name="test_delete_pin_workflow" time="0.478" /><testcase classname="backend.tests.test_iteration7_features.TestDeletePin" name="test_delete_nonexistent_pin_returns_404" time="0.164" /><testcase classname="backend.tests.test_iteration7_features.TestCommentWithAttachment" name="test_comment_with_attachment_endpoint" time="0.313" /><testcase classname="backend.tests.test_iteration7_features.TestGuestAccess" name="test_guest_create_pin" time="0.176" /><testcase classname="backend.tests.test_iteration7_features.TestGuestAccess" name="test_guest_comment_on_pin" time="0.481" /><testcase classname="backend.tests.test_iteration7_features.TestRelativeDates" name="test_comment_has_created_at" time="0.336" /><testcase classname="backend.tests.test_iteration7_features.TestProjectPublicEndpoints" name="test_public_project_access" time="0.196" /><testcase classname="backend.tests.test_iteration7_features.TestProjectPublicEndpoints" name="test_public_pins_access" time="0.199" /></testsuite></testsuites>