<?xml version="1.0" encoding="utf-8"?><testsuites name="pytest tests"><testsuite name="pytest" errors="0" failures="0" skipped="0" tests="12" time="11.151" timestamp="2026-03-10T00:39:15.162433+00:00" hostname="agent-env-e9bfd909-7e08-4f9f-9f93-59db2db06792"><testcase classname="backend.tests.test_iteration6.TestAuth" name="test_login_success" time="0.408" /><testcase classname="backend.tests.test_iteration6.TestAuth" name="test_login_invalid_credentials" time="0.400" /><testcase classname="backend.tests.test_iteration6.TestProjectAccess" name="test_get_project_authenticated" time="0.482" /><testcase classname="backend.tests.test_iteration6.TestProjectAccess" name="test_get_project_public" time="0.130" /><testcase classname="backend.tests.test_iteration6.TestProjectAccess" name="test_get_project_pins_public" time="0.125" /><testcase classname="backend.tests.test_iteration6.TestPinOperations" name="test_create_pin" time="0.473" /><testcase classname="backend.tests.test_iteration6.TestPinOperations" name="test_create_and_delete_pin" time="0.895" /><testcase classname="backend.tests.test_iteration6.TestPinOperations" name="test_pin_screenshot_endpoint" time="5.487" /><testcase classname="backend.tests.test_iteration6.TestGuestPinAndComment" name="test_guest_create_pin" time="0.115" /><testcase classname="backend.tests.test_iteration6.TestGuestPinAndComment" name="test_guest_create_comment" time="0.303" /><testcase classname="backend.tests.test_iteration6.TestCommentWithAttachment" name="test_comment_with_attachment" time="0.599" /><testcase classname="backend.tests.test_iteration6.TestDeviceTypeScreenshot" name="test_pin_device_types" time="1.628" /></testsuite></testsuites>