<?xml version="1.0" encoding="utf-8"?><testsuites name="pytest tests"><testsuite name="pytest" errors="0" failures="2" skipped="0" tests="27" time="7.943" timestamp="2026-01-25T20:59:25.825970+00:00" hostname="agent-env-5269105a-af7d-4300-a041-adeb66acf650"><testcase classname="backend.tests.test_markuply_api.TestHealthAndAuth" name="test_login_success" time="0.302" /><testcase classname="backend.tests.test_markuply_api.TestHealthAndAuth" name="test_login_invalid_credentials" time="0.041" /><testcase classname="backend.tests.test_markuply_api.TestHealthAndAuth" name="test_register_duplicate_email" time="0.040" /><testcase classname="backend.tests.test_markuply_api.TestHealthAndAuth" name="test_get_me_authenticated" time="0.341" /><testcase classname="backend.tests.test_markuply_api.TestHealthAndAuth" name="test_get_me_unauthenticated" time="0.041" /><testcase classname="backend.tests.test_markuply_api.TestTeams" name="test_get_my_team" time="0.304" /><testcase classname="backend.tests.test_markuply_api.TestTeams" name="test_get_team_members" time="0.340" /><testcase classname="backend.tests.test_markuply_api.TestProjects" name="test_get_projects" time="0.309" /><testcase classname="backend.tests.test_markuply_api.TestProjects" name="test_create_project_url_type" time="0.340" /><testcase classname="backend.tests.test_markuply_api.TestProjects" name="test_get_project_by_id" time="0.333" /><testcase classname="backend.tests.test_markuply_api.TestProjects" name="test_get_nonexistent_project" time="0.306" /><testcase classname="backend.tests.test_markuply_api.TestScreenshotCapture" name="test_capture_screenshot_existing_project" time="0.334" /><testcase classname="backend.tests.test_markuply_api.TestScreenshotCapture" name="test_get_project_screenshot" time="0.330" /><testcase classname="backend.tests.test_markuply_api.TestPins" name="test_get_pins" time="0.331" /><testcase classname="backend.tests.test_markuply_api.TestPins" name="test_create_pin" time="0.334" /><testcase classname="backend.tests.test_markuply_api.TestPins" name="test_update_pin_status_resolve" time="0.369" /><testcase classname="backend.tests.test_markuply_api.TestPins" name="test_update_pin_status_reopen" time="0.452" /><testcase classname="backend.tests.test_markuply_api.TestPins" name="test_update_pin_invalid_status" time="0.398" /><testcase classname="backend.tests.test_markuply_api.TestComments" name="test_get_comments" time="0.410" /><testcase classname="backend.tests.test_markuply_api.TestComments" name="test_create_comment_authenticated" time="0.381"><failure message="AssertionError: Create comment failed: {&quot;detail&quot;:[{&quot;type&quot;:&quot;missing&quot;,&quot;loc&quot;:[&quot;body&quot;,&quot;comment_data&quot;],&quot;msg&quot;:&quot;Field required&quot;,&quot;input&quot;:null,&quot;url&quot;:&quot;https://errors.pydantic.dev/2.12/v/missing&quot;}]}&#10;assert 422 == 200&#10; +  where 422 = &lt;Response [422]&gt;.status_code">backend/tests/test_markuply_api.py:442: in test_create_comment_authenticated
    assert response.status_code == 200, f"Create comment failed: {response.text}"
E   AssertionError: Create comment failed: {"detail":[{"type":"missing","loc":["body","comment_data"],"msg":"Field required","input":null,"url":"https://errors.pydantic.dev/2.12/v/missing"}]}
E   assert 422 == 200
E    +  where 422 = &lt;Response [422]&gt;.status_code</failure></testcase><testcase classname="backend.tests.test_markuply_api.TestComments" name="test_create_comment_guest_missing_info" time="0.413"><failure message="AssertionError: Expected 400, got 422&#10;assert 422 == 400&#10; +  where 422 = &lt;Response [422]&gt;.status_code">backend/tests/test_markuply_api.py:458: in test_create_comment_guest_missing_info
    assert response.status_code == 400, f"Expected 400, got {response.status_code}"
E   AssertionError: Expected 400, got 422
E   assert 422 == 400
E    +  where 422 = &lt;Response [422]&gt;.status_code</failure></testcase><testcase classname="backend.tests.test_markuply_api.TestAdminStats" name="test_get_admin_stats" time="0.299" /><testcase classname="backend.tests.test_markuply_api.TestAdminStats" name="test_get_admin_guests" time="0.296" /><testcase classname="backend.tests.test_markuply_api.TestFileServing" name="test_get_file_invalid_type" time="0.037" /><testcase classname="backend.tests.test_markuply_api.TestFileServing" name="test_get_file_not_found" time="0.035" /><testcase classname="backend.tests.test_markuply_api.TestFileServing" name="test_get_existing_screenshot" time="0.338" /><testcase classname="backend.tests.test_markuply_api.TestCleanup" name="test_cleanup_test_projects" time="0.332" /></testsuite></testsuites>