<?xml version="1.0" encoding="utf-8"?><testsuites name="pytest tests"><testsuite name="pytest" errors="0" failures="0" skipped="0" tests="27" time="9.531" timestamp="2026-02-03T22:37:27.980290+00:00" hostname="agent-env-a6b3da91-eb20-449d-a2e3-11ad0242dadb"><testcase classname="backend.tests.test_markuply_api.TestHealthAndAuth" name="test_login_success" time="0.282" /><testcase classname="backend.tests.test_markuply_api.TestHealthAndAuth" name="test_login_invalid_credentials" time="0.034" /><testcase classname="backend.tests.test_markuply_api.TestHealthAndAuth" name="test_register_duplicate_email" time="0.035" /><testcase classname="backend.tests.test_markuply_api.TestHealthAndAuth" name="test_get_me_authenticated" time="0.294" /><testcase classname="backend.tests.test_markuply_api.TestHealthAndAuth" name="test_get_me_unauthenticated" time="0.031" /><testcase classname="backend.tests.test_markuply_api.TestTeams" name="test_get_my_team" time="0.333" /><testcase classname="backend.tests.test_markuply_api.TestTeams" name="test_get_team_members" time="0.298" /><testcase classname="backend.tests.test_markuply_api.TestProjects" name="test_get_projects" time="0.292" /><testcase classname="backend.tests.test_markuply_api.TestProjects" name="test_create_project_url_type" time="0.332" /><testcase classname="backend.tests.test_markuply_api.TestProjects" name="test_get_project_by_id" time="0.611" /><testcase classname="backend.tests.test_markuply_api.TestProjects" name="test_get_nonexistent_project" time="0.391" /><testcase classname="backend.tests.test_markuply_api.TestScreenshotCapture" name="test_capture_screenshot_existing_project" time="0.403" /><testcase classname="backend.tests.test_markuply_api.TestScreenshotCapture" name="test_get_project_screenshot" time="0.403" /><testcase classname="backend.tests.test_markuply_api.TestPins" name="test_get_pins" time="0.333" /><testcase classname="backend.tests.test_markuply_api.TestPins" name="test_create_pin" time="0.326" /><testcase classname="backend.tests.test_markuply_api.TestPins" name="test_update_pin_status_resolve" time="0.364" /><testcase classname="backend.tests.test_markuply_api.TestPins" name="test_update_pin_status_reopen" time="0.454" /><testcase classname="backend.tests.test_markuply_api.TestPins" name="test_update_pin_invalid_status" time="0.360" /><testcase classname="backend.tests.test_markuply_api.TestComments" name="test_get_comments" time="0.353" /><testcase classname="backend.tests.test_markuply_api.TestComments" name="test_create_comment_authenticated" time="1.835" /><testcase classname="backend.tests.test_markuply_api.TestComments" name="test_create_comment_guest_missing_info" time="0.355" /><testcase classname="backend.tests.test_markuply_api.TestAdminStats" name="test_get_admin_stats" time="0.299" /><testcase classname="backend.tests.test_markuply_api.TestAdminStats" name="test_get_admin_guests" time="0.290" /><testcase classname="backend.tests.test_markuply_api.TestFileServing" name="test_get_file_invalid_type" time="0.031" /><testcase classname="backend.tests.test_markuply_api.TestFileServing" name="test_get_file_not_found" time="0.034" /><testcase classname="backend.tests.test_markuply_api.TestFileServing" name="test_get_existing_screenshot" time="0.331" /><testcase classname="backend.tests.test_markuply_api.TestCleanup" name="test_cleanup_test_projects" time="0.328" /></testsuite></testsuites>